2023-07-17 06:54:19,637 [Worker-4: Loading available Gradle versions] INFO  o.e.b.c.i.u.g.PublishedGradleVersions - Gradle version information cache is out-of-date. Trying to update.
2023-07-18 11:12:43,107 [Worker-90: Update Maven projects configuration] INFO  o.e.m.c.i.p.ProjectConfigurationManager - Update started
2023-07-18 11:12:48,953 [Worker-90: Update Maven projects configuration] INFO  o.e.m.c.i.e.AbstractTransferListenerAdapter - Downloading https://repo.maven.apache.org/maven2/org/apache/maven/plugins/maven-surefire-plugin/3.0.0-M7/maven-surefire-plugin-3.0.0-M7.jar
2023-07-18 11:12:49,435 [Worker-90: Update Maven projects configuration] INFO  o.e.m.c.i.e.AbstractTransferListenerAdapter - Downloaded https://repo.maven.apache.org/maven2/org/apache/maven/plugins/maven-surefire-plugin/3.0.0-M7/maven-surefire-plugin-3.0.0-M7.jar
2023-07-18 11:12:57,948 [Worker-90: Update Maven projects configuration] INFO  o.e.m.c.i.l.LifecycleMappingFactory - Using org.eclipse.m2e.jdt.JarLifecycleMapping lifecycle mapping for MavenProject: com.wiley.assignment1:factorial:1.0-SNAPSHOT @ C:\Users\Poongs\Downloads\di006-assignment1-factorial-poongs1982-main\di006-assignment1-factorial-poongs1982-main\factorial\pom.xml.
2023-07-18 11:12:58,055 [Worker-90: Update Maven projects configuration] INFO  o.e.m.c.i.e.AbstractTransferListenerAdapter - Downloading https://repo.maven.apache.org/maven2/org/junit/jupiter/junit-jupiter/5.9.1/junit-jupiter-5.9.1.pom
2023-07-18 11:12:58,148 [Worker-90: Update Maven projects configuration] INFO  o.e.m.c.i.e.AbstractTransferListenerAdapter - Downloaded https://repo.maven.apache.org/maven2/org/junit/jupiter/junit-jupiter/5.9.1/junit-jupiter-5.9.1.pom
2023-07-18 11:12:58,211 [Worker-90: Update Maven projects configuration] INFO  o.e.m.c.i.e.AbstractTransferListenerAdapter - Downloading https://repo.maven.apache.org/maven2/org/junit/junit-bom/5.9.1/junit-bom-5.9.1.pom
2023-07-18 11:12:58,301 [Worker-90: Update Maven projects configuration] INFO  o.e.m.c.i.e.AbstractTransferListenerAdapter - Downloaded https://repo.maven.apache.org/maven2/org/junit/junit-bom/5.9.1/junit-bom-5.9.1.pom
2023-07-18 11:12:58,333 [Worker-90: Update Maven projects configuration] INFO  o.e.m.c.i.e.AbstractTransferListenerAdapter - Downloading https://repo.maven.apache.org/maven2/org/junit/jupiter/junit-jupiter-api/5.9.1/junit-jupiter-api-5.9.1.pom
2023-07-18 11:12:58,452 [Worker-90: Update Maven projects configuration] INFO  o.e.m.c.i.e.AbstractTransferListenerAdapter - Downloaded https://repo.maven.apache.org/maven2/org/junit/jupiter/junit-jupiter-api/5.9.1/junit-jupiter-api-5.9.1.pom
2023-07-18 11:12:58,524 [Worker-90: Update Maven projects configuration] INFO  o.e.m.c.i.e.AbstractTransferListenerAdapter - Downloading https://repo.maven.apache.org/maven2/org/junit/platform/junit-platform-commons/1.9.1/junit-platform-commons-1.9.1.pom
2023-07-18 11:12:58,617 [Worker-90: Update Maven projects configuration] INFO  o.e.m.c.i.e.AbstractTransferListenerAdapter - Downloaded https://repo.maven.apache.org/maven2/org/junit/platform/junit-platform-commons/1.9.1/junit-platform-commons-1.9.1.pom
2023-07-18 11:12:58,683 [Worker-90: Update Maven projects configuration] INFO  o.e.m.c.i.e.AbstractTransferListenerAdapter - Downloading https://repo.maven.apache.org/maven2/org/junit/jupiter/junit-jupiter-params/5.9.1/junit-jupiter-params-5.9.1.pom
2023-07-18 11:12:58,766 [Worker-90: Update Maven projects configuration] INFO  o.e.m.c.i.e.AbstractTransferListenerAdapter - Downloaded https://repo.maven.apache.org/maven2/org/junit/jupiter/junit-jupiter-params/5.9.1/junit-jupiter-params-5.9.1.pom
2023-07-18 11:12:58,835 [Worker-90: Update Maven projects configuration] INFO  o.e.m.c.i.e.AbstractTransferListenerAdapter - Downloading https://repo.maven.apache.org/maven2/org/junit/jupiter/junit-jupiter-engine/5.9.1/junit-jupiter-engine-5.9.1.pom
2023-07-18 11:12:58,998 [Worker-90: Update Maven projects configuration] INFO  o.e.m.c.i.e.AbstractTransferListenerAdapter - Downloaded https://repo.maven.apache.org/maven2/org/junit/jupiter/junit-jupiter-engine/5.9.1/junit-jupiter-engine-5.9.1.pom
2023-07-18 11:12:59,034 [Worker-90: Update Maven projects configuration] INFO  o.e.m.c.i.e.AbstractTransferListenerAdapter - Downloading https://repo.maven.apache.org/maven2/org/junit/platform/junit-platform-engine/1.9.1/junit-platform-engine-1.9.1.pom
2023-07-18 11:12:59,128 [Worker-90: Update Maven projects configuration] INFO  o.e.m.c.i.e.AbstractTransferListenerAdapter - Downloaded https://repo.maven.apache.org/maven2/org/junit/platform/junit-platform-engine/1.9.1/junit-platform-engine-1.9.1.pom
2023-07-18 11:12:59,201 [AetherRepositoryConnector-repo.maven.apache.org-0-1] INFO  o.e.m.c.i.e.AbstractTransferListenerAdapter - Downloading https://repo.maven.apache.org/maven2/org/junit/jupiter/junit-jupiter-api/5.9.1/junit-jupiter-api-5.9.1.jar
2023-07-18 11:12:59,249 [AetherRepositoryConnector-repo.maven.apache.org-0-4] INFO  o.e.m.c.i.e.AbstractTransferListenerAdapter - Downloading https://repo.maven.apache.org/maven2/org/junit/jupiter/junit-jupiter-engine/5.9.1/junit-jupiter-engine-5.9.1.jar
2023-07-18 11:12:59,249 [AetherRepositoryConnector-repo.maven.apache.org-0-0] INFO  o.e.m.c.i.e.AbstractTransferListenerAdapter - Downloading https://repo.maven.apache.org/maven2/org/junit/jupiter/junit-jupiter/5.9.1/junit-jupiter-5.9.1.jar
2023-07-18 11:12:59,249 [AetherRepositoryConnector-repo.maven.apache.org-0-3] INFO  o.e.m.c.i.e.AbstractTransferListenerAdapter - Downloading https://repo.maven.apache.org/maven2/org/junit/jupiter/junit-jupiter-params/5.9.1/junit-jupiter-params-5.9.1.jar
2023-07-18 11:12:59,250 [AetherRepositoryConnector-repo.maven.apache.org-0-2] INFO  o.e.m.c.i.e.AbstractTransferListenerAdapter - Downloading https://repo.maven.apache.org/maven2/org/junit/platform/junit-platform-commons/1.9.1/junit-platform-commons-1.9.1.jar
2023-07-18 11:12:59,369 [AetherRepositoryConnector-repo.maven.apache.org-0-1] INFO  o.e.m.c.i.e.AbstractTransferListenerAdapter - Downloaded https://repo.maven.apache.org/maven2/org/junit/jupiter/junit-jupiter-api/5.9.1/junit-jupiter-api-5.9.1.jar
2023-07-18 11:12:59,389 [AetherRepositoryConnector-repo.maven.apache.org-0-1] INFO  o.e.m.c.i.e.AbstractTransferListenerAdapter - Downloading https://repo.maven.apache.org/maven2/org/junit/platform/junit-platform-engine/1.9.1/junit-platform-engine-1.9.1.jar
2023-07-18 11:12:59,399 [AetherRepositoryConnector-repo.maven.apache.org-0-2] INFO  o.e.m.c.i.e.AbstractTransferListenerAdapter - Downloaded https://repo.maven.apache.org/maven2/org/junit/platform/junit-platform-commons/1.9.1/junit-platform-commons-1.9.1.jar
2023-07-18 11:12:59,409 [AetherRepositoryConnector-repo.maven.apache.org-0-3] INFO  o.e.m.c.i.e.AbstractTransferListenerAdapter - Downloaded https://repo.maven.apache.org/maven2/org/junit/jupiter/junit-jupiter-params/5.9.1/junit-jupiter-params-5.9.1.jar
2023-07-18 11:12:59,414 [AetherRepositoryConnector-repo.maven.apache.org-0-4] INFO  o.e.m.c.i.e.AbstractTransferListenerAdapter - Downloaded https://repo.maven.apache.org/maven2/org/junit/jupiter/junit-jupiter-engine/5.9.1/junit-jupiter-engine-5.9.1.jar
2023-07-18 11:12:59,452 [AetherRepositoryConnector-repo.maven.apache.org-0-0] INFO  o.e.m.c.i.e.AbstractTransferListenerAdapter - Downloaded https://repo.maven.apache.org/maven2/org/junit/jupiter/junit-jupiter/5.9.1/junit-jupiter-5.9.1.jar
2023-07-18 11:12:59,489 [AetherRepositoryConnector-repo.maven.apache.org-0-1] INFO  o.e.m.c.i.e.AbstractTransferListenerAdapter - Downloaded https://repo.maven.apache.org/maven2/org/junit/platform/junit-platform-engine/1.9.1/junit-platform-engine-1.9.1.jar
2023-07-18 11:13:00,129 [Worker-90: Update Maven projects configuration] INFO  o.e.m.c.i.e.AbstractTransferListenerAdapter - Downloading https://repo.maven.apache.org/maven2/org/apache/maven/plugins/maven-surefire-plugin/3.0.0-M7/maven-surefire-plugin-3.0.0-M7.pom
2023-07-18 11:13:00,239 [Worker-90: Update Maven projects configuration] INFO  o.e.m.c.i.e.AbstractTransferListenerAdapter - Downloaded https://repo.maven.apache.org/maven2/org/apache/maven/plugins/maven-surefire-plugin/3.0.0-M7/maven-surefire-plugin-3.0.0-M7.pom
2023-07-18 11:13:00,283 [Worker-90: Update Maven projects configuration] INFO  o.e.m.c.i.e.AbstractTransferListenerAdapter - Downloading https://repo.maven.apache.org/maven2/org/apache/maven/surefire/surefire/3.0.0-M7/surefire-3.0.0-M7.pom
2023-07-18 11:13:00,381 [Worker-90: Update Maven projects configuration] INFO  o.e.m.c.i.e.AbstractTransferListenerAdapter - Downloaded https://repo.maven.apache.org/maven2/org/apache/maven/surefire/surefire/3.0.0-M7/surefire-3.0.0-M7.pom
2023-07-18 11:13:00,416 [Worker-90: Update Maven projects configuration] INFO  o.e.m.c.i.e.AbstractTransferListenerAdapter - Downloading https://repo.maven.apache.org/maven2/org/apache/maven/maven-parent/36/maven-parent-36.pom
2023-07-18 11:13:00,512 [Worker-90: Update Maven projects configuration] INFO  o.e.m.c.i.e.AbstractTransferListenerAdapter - Downloaded https://repo.maven.apache.org/maven2/org/apache/maven/maven-parent/36/maven-parent-36.pom
2023-07-18 11:13:00,552 [Worker-90: Update Maven projects configuration] INFO  o.e.m.c.i.e.AbstractTransferListenerAdapter - Downloading https://repo.maven.apache.org/maven2/org/apache/apache/26/apache-26.pom
2023-07-18 11:13:00,666 [Worker-90: Update Maven projects configuration] INFO  o.e.m.c.i.e.AbstractTransferListenerAdapter - Downloaded https://repo.maven.apache.org/maven2/org/apache/apache/26/apache-26.pom
2023-07-18 11:13:05,490 [Worker-69: Download sources and javadoc] INFO  o.e.m.c.i.e.AbstractTransferListenerAdapter - Downloading https://repo.maven.apache.org/maven2/org/junit/jupiter/junit-jupiter/5.9.1/junit-jupiter-5.9.1-sources.jar
2023-07-18 11:13:05,691 [Worker-69: Download sources and javadoc] INFO  o.e.m.c.i.e.AbstractTransferListenerAdapter - Downloaded https://repo.maven.apache.org/maven2/org/junit/jupiter/junit-jupiter/5.9.1/junit-jupiter-5.9.1-sources.jar
2023-07-18 11:13:05,705 [Worker-69: Download sources and javadoc] INFO  o.e.m.j.internal.DownloadSourcesJob - Downloaded sources for org.junit.jupiter:junit-jupiter:5.9.1
2023-07-18 11:13:05,786 [Worker-69: Download sources and javadoc] INFO  o.e.m.c.i.e.AbstractTransferListenerAdapter - Downloading https://repo.maven.apache.org/maven2/org/junit/jupiter/junit-jupiter-api/5.9.1/junit-jupiter-api-5.9.1-sources.jar
2023-07-18 11:13:05,928 [Worker-69: Download sources and javadoc] INFO  o.e.m.c.i.e.AbstractTransferListenerAdapter - Downloaded https://repo.maven.apache.org/maven2/org/junit/jupiter/junit-jupiter-api/5.9.1/junit-jupiter-api-5.9.1-sources.jar
2023-07-18 11:13:05,943 [Worker-69: Download sources and javadoc] INFO  o.e.m.j.internal.DownloadSourcesJob - Downloaded sources for org.junit.jupiter:junit-jupiter-api:5.9.1
2023-07-18 11:13:06,057 [Worker-69: Download sources and javadoc] INFO  o.e.m.c.i.e.AbstractTransferListenerAdapter - Downloading https://repo.maven.apache.org/maven2/org/junit/platform/junit-platform-commons/1.9.1/junit-platform-commons-1.9.1-sources.jar
2023-07-18 11:13:06,156 [Worker-103: Building] INFO  o.e.m.c.i.embedder.EclipseLogger - Using 'UTF-8' encoding to copy filtered resources.
2023-07-18 11:13:06,157 [Worker-103: Building] INFO  o.e.m.c.i.embedder.EclipseLogger - skip non existing resourceDirectory C:\Users\Poongs\Downloads\di006-assignment1-factorial-poongs1982-main\di006-assignment1-factorial-poongs1982-main\factorial\src\main\resources
2023-07-18 11:13:06,160 [Worker-103: Building] INFO  o.e.m.c.i.embedder.EclipseLogger - Using 'UTF-8' encoding to copy filtered resources.
2023-07-18 11:13:06,161 [Worker-103: Building] INFO  o.e.m.c.i.embedder.EclipseLogger - skip non existing resourceDirectory C:\Users\Poongs\Downloads\di006-assignment1-factorial-poongs1982-main\di006-assignment1-factorial-poongs1982-main\factorial\src\test\resources
2023-07-18 11:13:06,201 [Worker-69: Download sources and javadoc] INFO  o.e.m.c.i.e.AbstractTransferListenerAdapter - Downloaded https://repo.maven.apache.org/maven2/org/junit/platform/junit-platform-commons/1.9.1/junit-platform-commons-1.9.1-sources.jar
2023-07-18 11:13:06,215 [Worker-69: Download sources and javadoc] INFO  o.e.m.j.internal.DownloadSourcesJob - Downloaded sources for org.junit.platform:junit-platform-commons:1.9.1
2023-07-18 11:13:06,261 [Worker-90: Update Maven projects configuration] INFO  o.e.m.j.i.AbstractJavaProjectConfigurator - Adding source folder /factorial/src/main/java
2023-07-18 11:13:06,320 [Worker-90: Update Maven projects configuration] INFO  o.e.m.j.i.AbstractJavaProjectConfigurator - Adding source folder /factorial/src/test/java
2023-07-18 11:13:06,331 [Worker-69: Download sources and javadoc] INFO  o.e.m.c.i.e.AbstractTransferListenerAdapter - Downloading https://repo.maven.apache.org/maven2/org/junit/jupiter/junit-jupiter-params/5.9.1/junit-jupiter-params-5.9.1-sources.jar
2023-07-18 11:13:06,466 [Worker-69: Download sources and javadoc] INFO  o.e.m.c.i.e.AbstractTransferListenerAdapter - Downloaded https://repo.maven.apache.org/maven2/org/junit/jupiter/junit-jupiter-params/5.9.1/junit-jupiter-params-5.9.1-sources.jar
2023-07-18 11:13:06,478 [Worker-69: Download sources and javadoc] INFO  o.e.m.j.internal.DownloadSourcesJob - Downloaded sources for org.junit.jupiter:junit-jupiter-params:5.9.1
2023-07-18 11:13:06,616 [Worker-69: Download sources and javadoc] INFO  o.e.m.c.i.e.AbstractTransferListenerAdapter - Downloading https://repo.maven.apache.org/maven2/org/junit/jupiter/junit-jupiter-engine/5.9.1/junit-jupiter-engine-5.9.1-sources.jar
2023-07-18 11:13:06,763 [Worker-69: Download sources and javadoc] INFO  o.e.m.c.i.e.AbstractTransferListenerAdapter - Downloaded https://repo.maven.apache.org/maven2/org/junit/jupiter/junit-jupiter-engine/5.9.1/junit-jupiter-engine-5.9.1-sources.jar
2023-07-18 11:13:06,774 [Worker-69: Download sources and javadoc] INFO  o.e.m.j.internal.DownloadSourcesJob - Downloaded sources for org.junit.jupiter:junit-jupiter-engine:5.9.1
2023-07-18 11:13:06,875 [Worker-69: Download sources and javadoc] INFO  o.e.m.c.i.e.AbstractTransferListenerAdapter - Downloading https://repo.maven.apache.org/maven2/org/junit/platform/junit-platform-engine/1.9.1/junit-platform-engine-1.9.1-sources.jar
2023-07-18 11:13:07,017 [Worker-69: Download sources and javadoc] INFO  o.e.m.c.i.e.AbstractTransferListenerAdapter - Downloaded https://repo.maven.apache.org/maven2/org/junit/platform/junit-platform-engine/1.9.1/junit-platform-engine-1.9.1-sources.jar
2023-07-18 11:13:07,032 [Worker-69: Download sources and javadoc] INFO  o.e.m.j.internal.DownloadSourcesJob - Downloaded sources for org.junit.platform:junit-platform-engine:1.9.1
2023-07-18 11:13:07,431 [Worker-90: Update Maven projects configuration] INFO  o.e.m.c.i.p.ProjectConfigurationManager - Update completed: 24 sec
2023-07-18 11:13:07,705 [Worker-109: Building] INFO  o.e.m.c.i.embedder.EclipseLogger - Using 'UTF-8' encoding to copy filtered resources.
2023-07-18 11:13:07,710 [Worker-109: Building] INFO  o.e.m.c.i.embedder.EclipseLogger - skip non existing resourceDirectory C:\Users\Poongs\Downloads\di006-assignment1-factorial-poongs1982-main\di006-assignment1-factorial-poongs1982-main\factorial\src\main\resources
2023-07-18 11:13:07,714 [Worker-109: Building] INFO  o.e.m.c.i.embedder.EclipseLogger - Using 'UTF-8' encoding to copy filtered resources.
2023-07-18 11:13:07,715 [Worker-109: Building] INFO  o.e.m.c.i.embedder.EclipseLogger - skip non existing resourceDirectory C:\Users\Poongs\Downloads\di006-assignment1-factorial-poongs1982-main\di006-assignment1-factorial-poongs1982-main\factorial\src\test\resources
2023-07-18 11:13:29,501 [Worker-109: Launching TestFactorial] INFO  o.e.m.c.i.e.AbstractTransferListenerAdapter - Downloading https://repo.maven.apache.org/maven2/org/junit/platform/junit-platform-launcher/1.9.1/junit-platform-launcher-1.9.1.jar
2023-07-18 11:13:29,655 [Worker-109: Launching TestFactorial] INFO  o.e.m.c.i.e.AbstractTransferListenerAdapter - Downloaded https://repo.maven.apache.org/maven2/org/junit/platform/junit-platform-launcher/1.9.1/junit-platform-launcher-1.9.1.jar
2023-07-18 11:24:46,235 [Worker-90: Building] INFO  o.e.m.c.i.embedder.EclipseLogger - Using 'UTF-8' encoding to copy filtered resources.
2023-07-18 11:24:46,236 [Worker-90: Building] INFO  o.e.m.c.i.embedder.EclipseLogger - skip non existing resourceDirectory C:\Users\Poongs\Downloads\di006-assignment1-factorial-poongs1982-main\di006-assignment1-factorial-poongs1982-main\factorial\src\main\resources
2023-07-18 11:24:46,236 [Worker-90: Building] INFO  o.e.m.c.i.embedder.EclipseLogger - Using 'UTF-8' encoding to copy filtered resources.
2023-07-18 11:24:46,237 [Worker-90: Building] INFO  o.e.m.c.i.embedder.EclipseLogger - skip non existing resourceDirectory C:\Users\Poongs\Downloads\di006-assignment1-factorial-poongs1982-main\di006-assignment1-factorial-poongs1982-main\factorial\src\test\resources
2023-07-18 11:25:45,799 [Worker-112: Building] INFO  o.e.m.c.i.embedder.EclipseLogger - Using 'UTF-8' encoding to copy filtered resources.
2023-07-18 11:25:45,800 [Worker-112: Building] INFO  o.e.m.c.i.embedder.EclipseLogger - skip non existing resourceDirectory C:\Users\Poongs\Downloads\di006-assignment1-factorial-poongs1982-main\di006-assignment1-factorial-poongs1982-main\factorial\src\main\resources
2023-07-18 11:25:45,801 [Worker-112: Building] INFO  o.e.m.c.i.embedder.EclipseLogger - Using 'UTF-8' encoding to copy filtered resources.
2023-07-18 11:25:45,801 [Worker-112: Building] INFO  o.e.m.c.i.embedder.EclipseLogger - skip non existing resourceDirectory C:\Users\Poongs\Downloads\di006-assignment1-factorial-poongs1982-main\di006-assignment1-factorial-poongs1982-main\factorial\src\test\resources
2023-07-18 11:27:25,114 [Worker-107: Building] INFO  o.e.m.c.i.embedder.EclipseLogger - Using 'UTF-8' encoding to copy filtered resources.
2023-07-18 11:27:25,114 [Worker-107: Building] INFO  o.e.m.c.i.embedder.EclipseLogger - skip non existing resourceDirectory C:\Users\Poongs\Downloads\di006-assignment1-factorial-poongs1982-main\di006-assignment1-factorial-poongs1982-main\factorial\src\main\resources
2023-07-18 11:27:25,115 [Worker-107: Building] INFO  o.e.m.c.i.embedder.EclipseLogger - Using 'UTF-8' encoding to copy filtered resources.
2023-07-18 11:27:25,115 [Worker-107: Building] INFO  o.e.m.c.i.embedder.EclipseLogger - skip non existing resourceDirectory C:\Users\Poongs\Downloads\di006-assignment1-factorial-poongs1982-main\di006-assignment1-factorial-poongs1982-main\factorial\src\test\resources
2023-07-18 11:33:24,277 [Worker-107: Building] INFO  o.e.m.c.i.embedder.EclipseLogger - Using 'UTF-8' encoding to copy filtered resources.
2023-07-18 11:33:24,278 [Worker-107: Building] INFO  o.e.m.c.i.embedder.EclipseLogger - skip non existing resourceDirectory C:\Users\Poongs\Downloads\di006-assignment1-factorial-poongs1982-main\di006-assignment1-factorial-poongs1982-main\factorial\src\main\resources
2023-07-18 11:33:24,279 [Worker-107: Building] INFO  o.e.m.c.i.embedder.EclipseLogger - Using 'UTF-8' encoding to copy filtered resources.
2023-07-18 11:33:24,279 [Worker-107: Building] INFO  o.e.m.c.i.embedder.EclipseLogger - skip non existing resourceDirectory C:\Users\Poongs\Downloads\di006-assignment1-factorial-poongs1982-main\di006-assignment1-factorial-poongs1982-main\factorial\src\test\resources
2023-07-18 11:34:47,169 [Worker-69: Building] INFO  o.e.m.c.i.embedder.EclipseLogger - Using 'UTF-8' encoding to copy filtered resources.
2023-07-18 11:34:47,169 [Worker-69: Building] INFO  o.e.m.c.i.embedder.EclipseLogger - skip non existing resourceDirectory C:\Users\Poongs\Downloads\di006-assignment1-factorial-poongs1982-main\di006-assignment1-factorial-poongs1982-main\factorial\src\main\resources
2023-07-18 11:34:47,170 [Worker-69: Building] INFO  o.e.m.c.i.embedder.EclipseLogger - Using 'UTF-8' encoding to copy filtered resources.
2023-07-18 11:34:47,170 [Worker-69: Building] INFO  o.e.m.c.i.embedder.EclipseLogger - skip non existing resourceDirectory C:\Users\Poongs\Downloads\di006-assignment1-factorial-poongs1982-main\di006-assignment1-factorial-poongs1982-main\factorial\src\test\resources
2023-07-18 11:37:44,758 [Worker-111: Building] INFO  o.e.m.c.i.embedder.EclipseLogger - Using 'UTF-8' encoding to copy filtered resources.
2023-07-18 11:37:44,758 [Worker-111: Building] INFO  o.e.m.c.i.embedder.EclipseLogger - skip non existing resourceDirectory C:\Users\Poongs\Downloads\di006-assignment1-factorial-poongs1982-main\di006-assignment1-factorial-poongs1982-main\factorial\src\main\resources
2023-07-18 11:37:44,761 [Worker-111: Building] INFO  o.e.m.c.i.embedder.EclipseLogger - Using 'UTF-8' encoding to copy filtered resources.
2023-07-18 11:37:44,761 [Worker-111: Building] INFO  o.e.m.c.i.embedder.EclipseLogger - skip non existing resourceDirectory C:\Users\Poongs\Downloads\di006-assignment1-factorial-poongs1982-main\di006-assignment1-factorial-poongs1982-main\factorial\src\test\resources
2023-07-18 11:39:50,089 [Worker-112: Building] INFO  o.e.m.c.i.embedder.EclipseLogger - Using 'UTF-8' encoding to copy filtered resources.
2023-07-18 11:39:50,089 [Worker-112: Building] INFO  o.e.m.c.i.embedder.EclipseLogger - skip non existing resourceDirectory C:\Users\Poongs\Downloads\di006-assignment1-factorial-poongs1982-main\di006-assignment1-factorial-poongs1982-main\factorial\src\main\resources
2023-07-18 11:39:50,090 [Worker-112: Building] INFO  o.e.m.c.i.embedder.EclipseLogger - Using 'UTF-8' encoding to copy filtered resources.
2023-07-18 11:39:50,090 [Worker-112: Building] INFO  o.e.m.c.i.embedder.EclipseLogger - skip non existing resourceDirectory C:\Users\Poongs\Downloads\di006-assignment1-factorial-poongs1982-main\di006-assignment1-factorial-poongs1982-main\factorial\src\test\resources
2023-07-18 11:39:52,860 [Worker-104: Building] INFO  o.e.m.c.i.embedder.EclipseLogger - Using 'UTF-8' encoding to copy filtered resources.
2023-07-18 11:39:52,860 [Worker-104: Building] INFO  o.e.m.c.i.embedder.EclipseLogger - skip non existing resourceDirectory C:\Users\Poongs\Downloads\di006-assignment1-factorial-poongs1982-main\di006-assignment1-factorial-poongs1982-main\factorial\src\main\resources
2023-07-18 11:39:52,861 [Worker-104: Building] INFO  o.e.m.c.i.embedder.EclipseLogger - Using 'UTF-8' encoding to copy filtered resources.
2023-07-18 11:39:52,861 [Worker-104: Building] INFO  o.e.m.c.i.embedder.EclipseLogger - skip non existing resourceDirectory C:\Users\Poongs\Downloads\di006-assignment1-factorial-poongs1982-main\di006-assignment1-factorial-poongs1982-main\factorial\src\test\resources
2023-07-18 11:41:26,715 [Worker-111: Building] INFO  o.e.m.c.i.embedder.EclipseLogger - Using 'UTF-8' encoding to copy filtered resources.
2023-07-18 11:41:26,716 [Worker-111: Building] INFO  o.e.m.c.i.embedder.EclipseLogger - skip non existing resourceDirectory C:\Users\Poongs\Downloads\di006-assignment1-factorial-poongs1982-main\di006-assignment1-factorial-poongs1982-main\factorial\src\main\resources
2023-07-18 11:41:26,717 [Worker-111: Building] INFO  o.e.m.c.i.embedder.EclipseLogger - Using 'UTF-8' encoding to copy filtered resources.
2023-07-18 11:41:26,717 [Worker-111: Building] INFO  o.e.m.c.i.embedder.EclipseLogger - skip non existing resourceDirectory C:\Users\Poongs\Downloads\di006-assignment1-factorial-poongs1982-main\di006-assignment1-factorial-poongs1982-main\factorial\src\test\resources
2023-07-18 11:41:56,305 [Worker-115: Building] INFO  o.e.m.c.i.embedder.EclipseLogger - Using 'UTF-8' encoding to copy filtered resources.
2023-07-18 11:41:56,306 [Worker-115: Building] INFO  o.e.m.c.i.embedder.EclipseLogger - skip non existing resourceDirectory C:\Users\Poongs\Downloads\di006-assignment1-factorial-poongs1982-main\di006-assignment1-factorial-poongs1982-main\factorial\src\main\resources
2023-07-18 11:41:56,307 [Worker-115: Building] INFO  o.e.m.c.i.embedder.EclipseLogger - Using 'UTF-8' encoding to copy filtered resources.
2023-07-18 11:41:56,307 [Worker-115: Building] INFO  o.e.m.c.i.embedder.EclipseLogger - skip non existing resourceDirectory C:\Users\Poongs\Downloads\di006-assignment1-factorial-poongs1982-main\di006-assignment1-factorial-poongs1982-main\factorial\src\test\resources
2023-07-18 11:42:02,538 [Worker-114: Building] INFO  o.e.m.c.i.embedder.EclipseLogger - Using 'UTF-8' encoding to copy filtered resources.
2023-07-18 11:42:02,538 [Worker-114: Building] INFO  o.e.m.c.i.embedder.EclipseLogger - skip non existing resourceDirectory C:\Users\Poongs\Downloads\di006-assignment1-factorial-poongs1982-main\di006-assignment1-factorial-poongs1982-main\factorial\src\main\resources
2023-07-18 11:42:02,538 [Worker-114: Building] INFO  o.e.m.c.i.embedder.EclipseLogger - Using 'UTF-8' encoding to copy filtered resources.
2023-07-18 11:42:02,539 [Worker-114: Building] INFO  o.e.m.c.i.embedder.EclipseLogger - skip non existing resourceDirectory C:\Users\Poongs\Downloads\di006-assignment1-factorial-poongs1982-main\di006-assignment1-factorial-poongs1982-main\factorial\src\test\resources
2023-07-18 11:43:42,025 [Worker-113: Building] INFO  o.e.m.c.i.embedder.EclipseLogger - Using 'UTF-8' encoding to copy filtered resources.
2023-07-18 11:43:42,025 [Worker-113: Building] INFO  o.e.m.c.i.embedder.EclipseLogger - skip non existing resourceDirectory C:\Users\Poongs\Downloads\di006-assignment1-factorial-poongs1982-main\di006-assignment1-factorial-poongs1982-main\factorial\src\main\resources
2023-07-18 11:43:42,027 [Worker-113: Building] INFO  o.e.m.c.i.embedder.EclipseLogger - Using 'UTF-8' encoding to copy filtered resources.
2023-07-18 11:43:42,027 [Worker-113: Building] INFO  o.e.m.c.i.embedder.EclipseLogger - skip non existing resourceDirectory C:\Users\Poongs\Downloads\di006-assignment1-factorial-poongs1982-main\di006-assignment1-factorial-poongs1982-main\factorial\src\test\resources
2023-07-18 11:45:07,163 [Worker-115: Building] INFO  o.e.m.c.i.embedder.EclipseLogger - Using 'UTF-8' encoding to copy filtered resources.
2023-07-18 11:45:07,163 [Worker-115: Building] INFO  o.e.m.c.i.embedder.EclipseLogger - skip non existing resourceDirectory C:\Users\Poongs\Downloads\di006-assignment1-factorial-poongs1982-main\di006-assignment1-factorial-poongs1982-main\factorial\src\main\resources
2023-07-18 11:45:07,164 [Worker-115: Building] INFO  o.e.m.c.i.embedder.EclipseLogger - Using 'UTF-8' encoding to copy filtered resources.
2023-07-18 11:45:07,164 [Worker-115: Building] INFO  o.e.m.c.i.embedder.EclipseLogger - skip non existing resourceDirectory C:\Users\Poongs\Downloads\di006-assignment1-factorial-poongs1982-main\di006-assignment1-factorial-poongs1982-main\factorial\src\test\resources
2023-07-18 11:49:02,843 [Worker-69: Building] INFO  o.e.m.c.i.embedder.EclipseLogger - Using 'UTF-8' encoding to copy filtered resources.
2023-07-18 11:49:02,843 [Worker-69: Building] INFO  o.e.m.c.i.embedder.EclipseLogger - skip non existing resourceDirectory C:\Users\Poongs\Downloads\di006-assignment1-factorial-poongs1982-main\di006-assignment1-factorial-poongs1982-main\factorial\src\main\resources
2023-07-18 11:49:02,844 [Worker-69: Building] INFO  o.e.m.c.i.embedder.EclipseLogger - Using 'UTF-8' encoding to copy filtered resources.
2023-07-18 11:49:02,845 [Worker-69: Building] INFO  o.e.m.c.i.embedder.EclipseLogger - skip non existing resourceDirectory C:\Users\Poongs\Downloads\di006-assignment1-factorial-poongs1982-main\di006-assignment1-factorial-poongs1982-main\factorial\src\test\resources
2023-07-18 11:49:23,854 [Worker-112: Building] INFO  o.e.m.c.i.embedder.EclipseLogger - Using 'UTF-8' encoding to copy filtered resources.
2023-07-18 11:49:23,855 [Worker-112: Building] INFO  o.e.m.c.i.embedder.EclipseLogger - skip non existing resourceDirectory C:\Users\Poongs\Downloads\di006-assignment1-factorial-poongs1982-main\di006-assignment1-factorial-poongs1982-main\factorial\src\main\resources
2023-07-18 11:49:23,855 [Worker-112: Building] INFO  o.e.m.c.i.embedder.EclipseLogger - Using 'UTF-8' encoding to copy filtered resources.
2023-07-18 11:49:23,855 [Worker-112: Building] INFO  o.e.m.c.i.embedder.EclipseLogger - skip non existing resourceDirectory C:\Users\Poongs\Downloads\di006-assignment1-factorial-poongs1982-main\di006-assignment1-factorial-poongs1982-main\factorial\src\test\resources
2023-07-18 11:51:43,234 [Worker-115: Building] INFO  o.e.m.c.i.embedder.EclipseLogger - Using 'UTF-8' encoding to copy filtered resources.
2023-07-18 11:51:43,234 [Worker-115: Building] INFO  o.e.m.c.i.embedder.EclipseLogger - skip non existing resourceDirectory C:\Users\Poongs\Downloads\di006-assignment1-factorial-poongs1982-main\di006-assignment1-factorial-poongs1982-main\factorial\src\main\resources
2023-07-18 11:51:43,235 [Worker-115: Building] INFO  o.e.m.c.i.embedder.EclipseLogger - Using 'UTF-8' encoding to copy filtered resources.
2023-07-18 11:51:43,235 [Worker-115: Building] INFO  o.e.m.c.i.embedder.EclipseLogger - skip non existing resourceDirectory C:\Users\Poongs\Downloads\di006-assignment1-factorial-poongs1982-main\di006-assignment1-factorial-poongs1982-main\factorial\src\test\resources
2023-07-18 11:53:01,839 [Worker-115: Building] INFO  o.e.m.c.i.embedder.EclipseLogger - Using 'UTF-8' encoding to copy filtered resources.
2023-07-18 11:53:01,840 [Worker-115: Building] INFO  o.e.m.c.i.embedder.EclipseLogger - skip non existing resourceDirectory C:\Users\Poongs\Downloads\di006-assignment1-factorial-poongs1982-main\di006-assignment1-factorial-poongs1982-main\factorial\src\main\resources
2023-07-18 11:53:01,840 [Worker-115: Building] INFO  o.e.m.c.i.embedder.EclipseLogger - Using 'UTF-8' encoding to copy filtered resources.
2023-07-18 11:53:01,840 [Worker-115: Building] INFO  o.e.m.c.i.embedder.EclipseLogger - skip non existing resourceDirectory C:\Users\Poongs\Downloads\di006-assignment1-factorial-poongs1982-main\di006-assignment1-factorial-poongs1982-main\factorial\src\test\resources
2023-07-18 11:57:53,285 [Worker-118: Building] INFO  o.e.m.c.i.embedder.EclipseLogger - Using 'UTF-8' encoding to copy filtered resources.
2023-07-18 11:57:53,286 [Worker-118: Building] INFO  o.e.m.c.i.embedder.EclipseLogger - skip non existing resourceDirectory C:\Users\Poongs\Downloads\di006-assignment1-factorial-poongs1982-main\di006-assignment1-factorial-poongs1982-main\factorial\src\main\resources
2023-07-18 11:57:53,286 [Worker-118: Building] INFO  o.e.m.c.i.embedder.EclipseLogger - Using 'UTF-8' encoding to copy filtered resources.
2023-07-18 11:57:53,286 [Worker-118: Building] INFO  o.e.m.c.i.embedder.EclipseLogger - skip non existing resourceDirectory C:\Users\Poongs\Downloads\di006-assignment1-factorial-poongs1982-main\di006-assignment1-factorial-poongs1982-main\factorial\src\test\resources
2023-07-18 11:58:29,630 [Worker-117: Building] INFO  o.e.m.c.i.embedder.EclipseLogger - Using 'UTF-8' encoding to copy filtered resources.
2023-07-18 11:58:29,630 [Worker-117: Building] INFO  o.e.m.c.i.embedder.EclipseLogger - skip non existing resourceDirectory C:\Users\Poongs\Downloads\di006-assignment1-factorial-poongs1982-main\di006-assignment1-factorial-poongs1982-main\factorial\src\main\resources
2023-07-18 11:58:29,631 [Worker-117: Building] INFO  o.e.m.c.i.embedder.EclipseLogger - Using 'UTF-8' encoding to copy filtered resources.
2023-07-18 11:58:29,631 [Worker-117: Building] INFO  o.e.m.c.i.embedder.EclipseLogger - skip non existing resourceDirectory C:\Users\Poongs\Downloads\di006-assignment1-factorial-poongs1982-main\di006-assignment1-factorial-poongs1982-main\factorial\src\test\resources
2023-07-18 12:00:30,717 [Worker-117: Building] INFO  o.e.m.c.i.embedder.EclipseLogger - Using 'UTF-8' encoding to copy filtered resources.
2023-07-18 12:00:30,718 [Worker-117: Building] INFO  o.e.m.c.i.embedder.EclipseLogger - skip non existing resourceDirectory C:\Users\Poongs\Downloads\di006-assignment1-factorial-poongs1982-main\di006-assignment1-factorial-poongs1982-main\factorial\src\main\resources
2023-07-18 12:00:30,718 [Worker-117: Building] INFO  o.e.m.c.i.embedder.EclipseLogger - Using 'UTF-8' encoding to copy filtered resources.
2023-07-18 12:00:30,718 [Worker-117: Building] INFO  o.e.m.c.i.embedder.EclipseLogger - skip non existing resourceDirectory C:\Users\Poongs\Downloads\di006-assignment1-factorial-poongs1982-main\di006-assignment1-factorial-poongs1982-main\factorial\src\test\resources
2023-07-18 12:00:43,321 [Worker-69: Building] INFO  o.e.m.c.i.embedder.EclipseLogger - Using 'UTF-8' encoding to copy filtered resources.
2023-07-18 12:00:43,322 [Worker-69: Building] INFO  o.e.m.c.i.embedder.EclipseLogger - skip non existing resourceDirectory C:\Users\Poongs\Downloads\di006-assignment1-factorial-poongs1982-main\di006-assignment1-factorial-poongs1982-main\factorial\src\main\resources
2023-07-18 12:00:43,322 [Worker-69: Building] INFO  o.e.m.c.i.embedder.EclipseLogger - Using 'UTF-8' encoding to copy filtered resources.
2023-07-18 12:00:43,323 [Worker-69: Building] INFO  o.e.m.c.i.embedder.EclipseLogger - skip non existing resourceDirectory C:\Users\Poongs\Downloads\di006-assignment1-factorial-poongs1982-main\di006-assignment1-factorial-poongs1982-main\factorial\src\test\resources
2023-07-18 12:01:37,193 [Worker-119: Building] INFO  o.e.m.c.i.embedder.EclipseLogger - Using 'UTF-8' encoding to copy filtered resources.
2023-07-18 12:01:37,194 [Worker-119: Building] INFO  o.e.m.c.i.embedder.EclipseLogger - skip non existing resourceDirectory C:\Users\Poongs\Downloads\di006-assignment1-factorial-poongs1982-main\di006-assignment1-factorial-poongs1982-main\factorial\src\main\resources
2023-07-18 12:01:37,194 [Worker-119: Building] INFO  o.e.m.c.i.embedder.EclipseLogger - Using 'UTF-8' encoding to copy filtered resources.
2023-07-18 12:01:37,194 [Worker-119: Building] INFO  o.e.m.c.i.embedder.EclipseLogger - skip non existing resourceDirectory C:\Users\Poongs\Downloads\di006-assignment1-factorial-poongs1982-main\di006-assignment1-factorial-poongs1982-main\factorial\src\test\resources
2023-07-18 12:02:37,451 [Worker-117: Building] INFO  o.e.m.c.i.embedder.EclipseLogger - Using 'UTF-8' encoding to copy filtered resources.
2023-07-18 12:02:37,451 [Worker-117: Building] INFO  o.e.m.c.i.embedder.EclipseLogger - skip non existing resourceDirectory C:\Users\Poongs\Downloads\di006-assignment1-factorial-poongs1982-main\di006-assignment1-factorial-poongs1982-main\factorial\src\main\resources
2023-07-18 12:02:37,451 [Worker-117: Building] INFO  o.e.m.c.i.embedder.EclipseLogger - Using 'UTF-8' encoding to copy filtered resources.
2023-07-18 12:02:37,452 [Worker-117: Building] INFO  o.e.m.c.i.embedder.EclipseLogger - skip non existing resourceDirectory C:\Users\Poongs\Downloads\di006-assignment1-factorial-poongs1982-main\di006-assignment1-factorial-poongs1982-main\factorial\src\test\resources
2023-07-18 12:05:40,085 [Worker-117: Building] INFO  o.e.m.c.i.embedder.EclipseLogger - Using 'UTF-8' encoding to copy filtered resources.
2023-07-18 12:05:40,085 [Worker-117: Building] INFO  o.e.m.c.i.embedder.EclipseLogger - skip non existing resourceDirectory C:\Users\Poongs\Downloads\di006-assignment1-factorial-poongs1982-main\di006-assignment1-factorial-poongs1982-main\factorial\src\main\resources
2023-07-18 12:05:40,086 [Worker-117: Building] INFO  o.e.m.c.i.embedder.EclipseLogger - Using 'UTF-8' encoding to copy filtered resources.
2023-07-18 12:05:40,086 [Worker-117: Building] INFO  o.e.m.c.i.embedder.EclipseLogger - skip non existing resourceDirectory C:\Users\Poongs\Downloads\di006-assignment1-factorial-poongs1982-main\di006-assignment1-factorial-poongs1982-main\factorial\src\test\resources
2023-07-18 12:05:52,726 [Worker-111: Building] INFO  o.e.m.c.i.embedder.EclipseLogger - Using 'UTF-8' encoding to copy filtered resources.
2023-07-18 12:05:52,726 [Worker-111: Building] INFO  o.e.m.c.i.embedder.EclipseLogger - skip non existing resourceDirectory C:\Users\Poongs\Downloads\di006-assignment1-factorial-poongs1982-main\di006-assignment1-factorial-poongs1982-main\factorial\src\main\resources
2023-07-18 12:05:52,726 [Worker-111: Building] INFO  o.e.m.c.i.embedder.EclipseLogger - Using 'UTF-8' encoding to copy filtered resources.
2023-07-18 12:05:52,727 [Worker-111: Building] INFO  o.e.m.c.i.embedder.EclipseLogger - skip non existing resourceDirectory C:\Users\Poongs\Downloads\di006-assignment1-factorial-poongs1982-main\di006-assignment1-factorial-poongs1982-main\factorial\src\test\resources
2023-07-21 09:19:51,943 [Worker-241: Building] INFO  o.e.m.c.i.embedder.EclipseLogger - Using 'UTF-8' encoding to copy filtered resources.
2023-07-21 09:19:51,945 [Worker-241: Building] INFO  o.e.m.c.i.embedder.EclipseLogger - skip non existing resourceDirectory C:\Users\Poongs\Downloads\di006-assignment1-factorial-poongs1982-main\di006-assignment1-factorial-poongs1982-main\factorial\src\main\resources
2023-07-21 09:19:51,946 [Worker-241: Building] INFO  o.e.m.c.i.embedder.EclipseLogger - Using 'UTF-8' encoding to copy filtered resources.
2023-07-21 09:19:51,946 [Worker-241: Building] INFO  o.e.m.c.i.embedder.EclipseLogger - skip non existing resourceDirectory C:\Users\Poongs\Downloads\di006-assignment1-factorial-poongs1982-main\di006-assignment1-factorial-poongs1982-main\factorial\src\test\resources
2023-07-21 09:21:26,477 [Worker-244: Building] INFO  o.e.m.c.i.embedder.EclipseLogger - Using 'UTF-8' encoding to copy filtered resources.
2023-07-21 09:21:26,478 [Worker-244: Building] INFO  o.e.m.c.i.embedder.EclipseLogger - skip non existing resourceDirectory C:\Users\Poongs\Downloads\di006-assignment1-factorial-poongs1982-main\di006-assignment1-factorial-poongs1982-main\factorial\src\main\resources
2023-07-21 09:21:26,479 [Worker-244: Building] INFO  o.e.m.c.i.embedder.EclipseLogger - Using 'UTF-8' encoding to copy filtered resources.
2023-07-21 09:21:26,480 [Worker-244: Building] INFO  o.e.m.c.i.embedder.EclipseLogger - skip non existing resourceDirectory C:\Users\Poongs\Downloads\di006-assignment1-factorial-poongs1982-main\di006-assignment1-factorial-poongs1982-main\factorial\src\test\resources
2023-07-21 09:22:15,506 [Worker-241: Building] INFO  o.e.m.c.i.embedder.EclipseLogger - Using 'UTF-8' encoding to copy filtered resources.
2023-07-21 09:22:15,506 [Worker-241: Building] INFO  o.e.m.c.i.embedder.EclipseLogger - skip non existing resourceDirectory C:\Users\Poongs\Downloads\di006-assignment1-factorial-poongs1982-main\di006-assignment1-factorial-poongs1982-main\factorial\src\main\resources
2023-07-21 09:22:15,511 [Worker-241: Building] INFO  o.e.m.c.i.embedder.EclipseLogger - Using 'UTF-8' encoding to copy filtered resources.
2023-07-21 09:22:15,512 [Worker-241: Building] INFO  o.e.m.c.i.embedder.EclipseLogger - skip non existing resourceDirectory C:\Users\Poongs\Downloads\di006-assignment1-factorial-poongs1982-main\di006-assignment1-factorial-poongs1982-main\factorial\src\test\resources
2023-07-21 09:24:38,191 [Worker-243: Launching TestFactorial] INFO  o.e.m.c.i.embedder.EclipseLogger - Using 'UTF-8' encoding to copy filtered resources.
2023-07-21 09:24:38,191 [Worker-243: Launching TestFactorial] INFO  o.e.m.c.i.embedder.EclipseLogger - skip non existing resourceDirectory C:\Users\Poongs\Downloads\di006-assignment1-factorial-poongs1982-main\di006-assignment1-factorial-poongs1982-main\factorial\src\main\resources
2023-07-21 09:24:38,192 [Worker-243: Launching TestFactorial] INFO  o.e.m.c.i.embedder.EclipseLogger - Using 'UTF-8' encoding to copy filtered resources.
2023-07-21 09:24:38,192 [Worker-243: Launching TestFactorial] INFO  o.e.m.c.i.embedder.EclipseLogger - skip non existing resourceDirectory C:\Users\Poongs\Downloads\di006-assignment1-factorial-poongs1982-main\di006-assignment1-factorial-poongs1982-main\factorial\src\test\resources
2023-07-21 09:57:36,387 [Worker-248: Building] INFO  o.e.m.c.i.embedder.EclipseLogger - Using 'UTF-8' encoding to copy filtered resources.
2023-07-21 09:57:36,396 [Worker-248: Building] INFO  o.e.m.c.i.embedder.EclipseLogger - skip non existing resourceDirectory C:\Users\Poongs\Downloads\di006-assignment1-factorial-poongs1982-main\di006-assignment1-factorial-poongs1982-main\factorial\src\main\resources
2023-07-21 09:57:36,398 [Worker-248: Building] INFO  o.e.m.c.i.embedder.EclipseLogger - Using 'UTF-8' encoding to copy filtered resources.
2023-07-21 09:57:36,398 [Worker-248: Building] INFO  o.e.m.c.i.embedder.EclipseLogger - skip non existing resourceDirectory C:\Users\Poongs\Downloads\di006-assignment1-factorial-poongs1982-main\di006-assignment1-factorial-poongs1982-main\factorial\src\test\resources
2023-07-21 09:58:32,991 [Worker-245: Building] INFO  o.e.m.c.i.embedder.EclipseLogger - Using 'UTF-8' encoding to copy filtered resources.
2023-07-21 09:58:32,991 [Worker-245: Building] INFO  o.e.m.c.i.embedder.EclipseLogger - skip non existing resourceDirectory C:\Users\Poongs\Downloads\di006-assignment1-factorial-poongs1982-main\di006-assignment1-factorial-poongs1982-main\factorial\src\main\resources
2023-07-21 09:58:32,992 [Worker-245: Building] INFO  o.e.m.c.i.embedder.EclipseLogger - Using 'UTF-8' encoding to copy filtered resources.
2023-07-21 09:58:32,992 [Worker-245: Building] INFO  o.e.m.c.i.embedder.EclipseLogger - skip non existing resourceDirectory C:\Users\Poongs\Downloads\di006-assignment1-factorial-poongs1982-main\di006-assignment1-factorial-poongs1982-main\factorial\src\test\resources
2023-07-21 10:01:31,208 [Worker-249: Building] INFO  o.e.m.c.i.embedder.EclipseLogger - Using 'UTF-8' encoding to copy filtered resources.
2023-07-21 10:01:31,208 [Worker-249: Building] INFO  o.e.m.c.i.embedder.EclipseLogger - skip non existing resourceDirectory C:\Users\Poongs\Downloads\di006-assignment1-factorial-poongs1982-main\di006-assignment1-factorial-poongs1982-main\factorial\src\main\resources
2023-07-21 10:01:31,209 [Worker-249: Building] INFO  o.e.m.c.i.embedder.EclipseLogger - Using 'UTF-8' encoding to copy filtered resources.
2023-07-21 10:01:31,209 [Worker-249: Building] INFO  o.e.m.c.i.embedder.EclipseLogger - skip non existing resourceDirectory C:\Users\Poongs\Downloads\di006-assignment1-factorial-poongs1982-main\di006-assignment1-factorial-poongs1982-main\factorial\src\test\resources
2023-07-21 10:02:28,545 [Worker-250: Building] INFO  o.e.m.c.i.embedder.EclipseLogger - Using 'UTF-8' encoding to copy filtered resources.
2023-07-21 10:02:28,545 [Worker-250: Building] INFO  o.e.m.c.i.embedder.EclipseLogger - skip non existing resourceDirectory C:\Users\Poongs\Downloads\di006-assignment1-factorial-poongs1982-main\di006-assignment1-factorial-poongs1982-main\factorial\src\main\resources
2023-07-21 10:02:28,548 [Worker-250: Building] INFO  o.e.m.c.i.embedder.EclipseLogger - Using 'UTF-8' encoding to copy filtered resources.
2023-07-21 10:02:28,548 [Worker-250: Building] INFO  o.e.m.c.i.embedder.EclipseLogger - skip non existing resourceDirectory C:\Users\Poongs\Downloads\di006-assignment1-factorial-poongs1982-main\di006-assignment1-factorial-poongs1982-main\factorial\src\test\resources
2023-07-21 10:03:02,539 [Worker-251: Building] INFO  o.e.m.c.i.embedder.EclipseLogger - Using 'UTF-8' encoding to copy filtered resources.
2023-07-21 10:03:02,539 [Worker-251: Building] INFO  o.e.m.c.i.embedder.EclipseLogger - skip non existing resourceDirectory C:\Users\Poongs\Downloads\di006-assignment1-factorial-poongs1982-main\di006-assignment1-factorial-poongs1982-main\factorial\src\main\resources
2023-07-21 10:03:02,540 [Worker-251: Building] INFO  o.e.m.c.i.embedder.EclipseLogger - Using 'UTF-8' encoding to copy filtered resources.
2023-07-21 10:03:02,540 [Worker-251: Building] INFO  o.e.m.c.i.embedder.EclipseLogger - skip non existing resourceDirectory C:\Users\Poongs\Downloads\di006-assignment1-factorial-poongs1982-main\di006-assignment1-factorial-poongs1982-main\factorial\src\test\resources
2023-07-21 10:03:16,464 [Worker-249: Building] INFO  o.e.m.c.i.embedder.EclipseLogger - Using 'UTF-8' encoding to copy filtered resources.
2023-07-21 10:03:16,465 [Worker-249: Building] INFO  o.e.m.c.i.embedder.EclipseLogger - skip non existing resourceDirectory C:\Users\Poongs\Downloads\di006-assignment1-factorial-poongs1982-main\di006-assignment1-factorial-poongs1982-main\factorial\src\main\resources
2023-07-21 10:03:16,465 [Worker-249: Building] INFO  o.e.m.c.i.embedder.EclipseLogger - Using 'UTF-8' encoding to copy filtered resources.
2023-07-21 10:03:16,465 [Worker-249: Building] INFO  o.e.m.c.i.embedder.EclipseLogger - skip non existing resourceDirectory C:\Users\Poongs\Downloads\di006-assignment1-factorial-poongs1982-main\di006-assignment1-factorial-poongs1982-main\factorial\src\test\resources
2023-07-21 10:05:15,553 [Worker-227: Building] INFO  o.e.m.c.i.embedder.EclipseLogger - Using 'UTF-8' encoding to copy filtered resources.
2023-07-21 10:05:15,553 [Worker-227: Building] INFO  o.e.m.c.i.embedder.EclipseLogger - skip non existing resourceDirectory C:\Users\Poongs\Downloads\di006-assignment1-factorial-poongs1982-main\di006-assignment1-factorial-poongs1982-main\factorial\src\main\resources
2023-07-21 10:05:15,554 [Worker-227: Building] INFO  o.e.m.c.i.embedder.EclipseLogger - Using 'UTF-8' encoding to copy filtered resources.
2023-07-21 10:05:15,554 [Worker-227: Building] INFO  o.e.m.c.i.embedder.EclipseLogger - skip non existing resourceDirectory C:\Users\Poongs\Downloads\di006-assignment1-factorial-poongs1982-main\di006-assignment1-factorial-poongs1982-main\factorial\src\test\resources
2023-07-21 10:06:37,130 [Worker-250: Building] INFO  o.e.m.c.i.embedder.EclipseLogger - Using 'UTF-8' encoding to copy filtered resources.
2023-07-21 10:06:37,130 [Worker-250: Building] INFO  o.e.m.c.i.embedder.EclipseLogger - skip non existing resourceDirectory C:\Users\Poongs\Downloads\di006-assignment1-factorial-poongs1982-main\di006-assignment1-factorial-poongs1982-main\factorial\src\main\resources
2023-07-21 10:06:37,131 [Worker-250: Building] INFO  o.e.m.c.i.embedder.EclipseLogger - Using 'UTF-8' encoding to copy filtered resources.
2023-07-21 10:06:37,132 [Worker-250: Building] INFO  o.e.m.c.i.embedder.EclipseLogger - skip non existing resourceDirectory C:\Users\Poongs\Downloads\di006-assignment1-factorial-poongs1982-main\di006-assignment1-factorial-poongs1982-main\factorial\src\test\resources
2023-07-21 10:07:09,044 [Worker-245: Building] INFO  o.e.m.c.i.embedder.EclipseLogger - Using 'UTF-8' encoding to copy filtered resources.
2023-07-21 10:07:09,045 [Worker-245: Building] INFO  o.e.m.c.i.embedder.EclipseLogger - skip non existing resourceDirectory C:\Users\Poongs\Downloads\di006-assignment1-factorial-poongs1982-main\di006-assignment1-factorial-poongs1982-main\factorial\src\main\resources
2023-07-21 10:07:09,045 [Worker-245: Building] INFO  o.e.m.c.i.embedder.EclipseLogger - Using 'UTF-8' encoding to copy filtered resources.
2023-07-21 10:07:09,046 [Worker-245: Building] INFO  o.e.m.c.i.embedder.EclipseLogger - skip non existing resourceDirectory C:\Users\Poongs\Downloads\di006-assignment1-factorial-poongs1982-main\di006-assignment1-factorial-poongs1982-main\factorial\src\test\resources
2023-07-21 10:07:23,525 [Worker-249: Building] INFO  o.e.m.c.i.embedder.EclipseLogger - Using 'UTF-8' encoding to copy filtered resources.
2023-07-21 10:07:23,525 [Worker-249: Building] INFO  o.e.m.c.i.embedder.EclipseLogger - skip non existing resourceDirectory C:\Users\Poongs\Downloads\di006-assignment1-factorial-poongs1982-main\di006-assignment1-factorial-poongs1982-main\factorial\src\main\resources
2023-07-21 10:07:23,525 [Worker-249: Building] INFO  o.e.m.c.i.embedder.EclipseLogger - Using 'UTF-8' encoding to copy filtered resources.
2023-07-21 10:07:23,526 [Worker-249: Building] INFO  o.e.m.c.i.embedder.EclipseLogger - skip non existing resourceDirectory C:\Users\Poongs\Downloads\di006-assignment1-factorial-poongs1982-main\di006-assignment1-factorial-poongs1982-main\factorial\src\test\resources
